"""
This example shows how to create block of trials

In this experiment we demonstrate how to do blocking.

We have a block of trial where we display images to the subject. Each block will
show either images of houses or faces. Each block will be repeated 3 times with
10 trial with a short break in between.


"""

Tests: []
Screens: []

  Variables:
    image_types = [houses, faces]



----------------------------------------------------------------------------
----------------------------------- FLOW -----------------------------------
----------------------------------------------------------------------------
 
1. SCREEN  instruction
----------------------------------------------------------------------------
Block set 1
    You will be presented with images of houses

 
2. TEST showImages
----------------------------------------------------------------------------
Trial 2:1
| trial_no | image         |
|----------+---------------|
| 1        | houses/1.png  |

  Variables:
    image_types = [houses, faces]
    trial_no = 1
    image = houses/1.png
    image_type = houses
    order = 1
    repeat_index = 1
    practice = False

  Phases:
    fix:
                at 0 cross(position (0, 0), size 20, color #ffffff, fillColor #ffffff) for 985
    exec:
                at 0 image(file houses/1.png, ori 0, position (0, 0), size 20, color #ffffff, fillColor #ffffff) for 0
            at 0 key(valid space) for 0
    error:
        correct:
    
Trial 2:2
| trial_no | image         |
|----------+---------------|
| 2        | houses/2.png  |

  Variables:
    image_types = [houses, faces]
    trial_no = 2
    image = houses/2.png
    image_type = houses
    order = 1
    repeat_index = 1
    practice = False

  Phases:
    fix:
                at 0 cross(position (0, 0), size 20, color #ffffff, fillColor #ffffff) for 472
    exec:
                at 0 image(file houses/2.png, ori 0, position (0, 0), size 20, color #ffffff, fillColor #ffffff) for 0
            at 0 key(valid space) for 0
    error:
        correct:
    
Trial 2:3
| trial_no | image         |
|----------+---------------|
| 3        | houses/3.png  |

  Variables:
    image_types = [houses, faces]
    trial_no = 3
    image = houses/3.png
    image_type = houses
    order = 1
    repeat_index = 1
    practice = False

  Phases:
    fix:
                at 0 cross(position (0, 0), size 20, color #ffffff, fillColor #ffffff) for 659
    exec:
                at 0 image(file houses/3.png, ori 0, position (0, 0), size 20, color #ffffff, fillColor #ffffff) for 0
            at 0 key(valid space) for 0
    error:
        correct:
    
Trial 2:4
| trial_no | image         |
|----------+---------------|
| 4        | houses/4.png  |

  Variables:
    image_types = [houses, faces]
    trial_no = 4
    image = houses/4.png
    image_type = houses
    order = 1
    repeat_index = 1
    practice = False

  Phases:
    fix:
                at 0 cross(position (0, 0), size 20, color #ffffff, fillColor #ffffff) for 544
    exec:
                at 0 image(file houses/4.png, ori 0, position (0, 0), size 20, color #ffffff, fillColor #ffffff) for 0
            at 0 key(valid space) for 0
    error:
        correct:
    
Trial 2:5
| trial_no | image         |
|----------+---------------|
| 5        | houses/5.png  |

  Variables:
    image_types = [houses, faces]
    trial_no = 5
    image = houses/5.png
    image_type = houses
    order = 1
    repeat_index = 1
    practice = False

  Phases:
    fix:
                at 0 cross(position (0, 0), size 20, color #ffffff, fillColor #ffffff) for 827
    exec:
                at 0 image(file houses/5.png, ori 0, position (0, 0), size 20, color #ffffff, fillColor #ffffff) for 0
            at 0 key(valid space) for 0
    error:
        correct:
    
Trial 2:6
| trial_no | image         |
|----------+---------------|
| 6        | houses/6.png  |

  Variables:
    image_types = [houses, faces]
    trial_no = 6
    image = houses/6.png
    image_type = houses
    order = 1
    repeat_index = 1
    practice = False

  Phases:
    fix:
                at 0 cross(position (0, 0), size 20, color #ffffff, fillColor #ffffff) for 817
    exec:
                at 0 image(file houses/6.png, ori 0, position (0, 0), size 20, color #ffffff, fillColor #ffffff) for 0
            at 0 key(valid space) for 0
    error:
        correct:
    
Trial 2:7
| trial_no | image         |
|----------+---------------|
| 7        | houses/7.png  |

  Variables:
    image_types = [houses, faces]
    trial_no = 7
    image = houses/7.png
    image_type = houses
    order = 1
    repeat_index = 1
    practice = False

  Phases:
    fix:
                at 0 cross(position (0, 0), size 20, color #ffffff, fillColor #ffffff) for 995
    exec:
                at 0 image(file houses/7.png, ori 0, position (0, 0), size 20, color #ffffff, fillColor #ffffff) for 0
            at 0 key(valid space) for 0
    error:
        correct:
    
Trial 2:8
| trial_no | image         |
|----------+---------------|
| 8        | houses/8.png  |

  Variables:
    image_types = [houses, faces]
    trial_no = 8
    image = houses/8.png
    image_type = houses
    order = 1
    repeat_index = 1
    practice = False

  Phases:
    fix:
                at 0 cross(position (0, 0), size 20, color #ffffff, fillColor #ffffff) for 576
    exec:
                at 0 image(file houses/8.png, ori 0, position (0, 0), size 20, color #ffffff, fillColor #ffffff) for 0
            at 0 key(valid space) for 0
    error:
        correct:
    
Trial 2:9
| trial_no | image         |
|----------+---------------|
| 9        | houses/9.png  |

  Variables:
    image_types = [houses, faces]
    trial_no = 9
    image = houses/9.png
    image_type = houses
    order = 1
    repeat_index = 1
    practice = False

  Phases:
    fix:
                at 0 cross(position (0, 0), size 20, color #ffffff, fillColor #ffffff) for 773
    exec:
                at 0 image(file houses/9.png, ori 0, position (0, 0), size 20, color #ffffff, fillColor #ffffff) for 0
            at 0 key(valid space) for 0
    error:
        correct:
    
Trial 2:10
| trial_no | image         |
|----------+---------------|
| 10       | houses/10.png |

  Variables:
    image_types = [houses, faces]
    trial_no = 10
    image = houses/10.png
    image_type = houses
    order = 1
    repeat_index = 1
    practice = False

  Phases:
    fix:
                at 0 cross(position (0, 0), size 20, color #ffffff, fillColor #ffffff) for 431
    exec:
                at 0 image(file houses/10.png, ori 0, position (0, 0), size 20, color #ffffff, fillColor #ffffff) for 0
            at 0 key(valid space) for 0
    error:
        correct:
    
 
3. SCREEN  break
----------------------------------------------------------------------------
Block 1 finished.
    Take a short break.

 
4. TEST showImages
----------------------------------------------------------------------------
Trial 4:1
| trial_no | image         |
|----------+---------------|
| 1        | houses/1.png  |

  Variables:
    image_types = [houses, faces]
    trial_no = 1
    image = houses/1.png
    image_type = houses
    order = 1
    repeat_index = 2
    practice = False

  Phases:
    fix:
                at 0 cross(position (0, 0), size 20, color #ffffff, fillColor #ffffff) for 430
    exec:
                at 0 image(file houses/1.png, ori 0, position (0, 0), size 20, color #ffffff, fillColor #ffffff) for 0
            at 0 key(valid space) for 0
    error:
        correct:
    
Trial 4:2
| trial_no | image         |
|----------+---------------|
| 2        | houses/2.png  |

  Variables:
    image_types = [houses, faces]
    trial_no = 2
    image = houses/2.png
    image_type = houses
    order = 1
    repeat_index = 2
    practice = False

  Phases:
    fix:
                at 0 cross(position (0, 0), size 20, color #ffffff, fillColor #ffffff) for 439
    exec:
                at 0 image(file houses/2.png, ori 0, position (0, 0), size 20, color #ffffff, fillColor #ffffff) for 0
            at 0 key(valid space) for 0
    error:
        correct:
    
Trial 4:3
| trial_no | image         |
|----------+---------------|
| 3        | houses/3.png  |

  Variables:
    image_types = [houses, faces]
    trial_no = 3
    image = houses/3.png
    image_type = houses
    order = 1
    repeat_index = 2
    practice = False

  Phases:
    fix:
                at 0 cross(position (0, 0), size 20, color #ffffff, fillColor #ffffff) for 412
    exec:
                at 0 image(file houses/3.png, ori 0, position (0, 0), size 20, color #ffffff, fillColor #ffffff) for 0
            at 0 key(valid space) for 0
    error:
        correct:
    
Trial 4:4
| trial_no | image         |
|----------+---------------|
| 4        | houses/4.png  |

  Variables:
    image_types = [houses, faces]
    trial_no = 4
    image = houses/4.png
    image_type = houses
    order = 1
    repeat_index = 2
    practice = False

  Phases:
    fix:
                at 0 cross(position (0, 0), size 20, color #ffffff, fillColor #ffffff) for 757
    exec:
                at 0 image(file houses/4.png, ori 0, position (0, 0), size 20, color #ffffff, fillColor #ffffff) for 0
            at 0 key(valid space) for 0
    error:
        correct:
    
Trial 4:5
| trial_no | image         |
|----------+---------------|
| 5        | houses/5.png  |

  Variables:
    image_types = [houses, faces]
    trial_no = 5
    image = houses/5.png
    image_type = houses
    order = 1
    repeat_index = 2
    practice = False

  Phases:
    fix:
                at 0 cross(position (0, 0), size 20, color #ffffff, fillColor #ffffff) for 762
    exec:
                at 0 image(file houses/5.png, ori 0, position (0, 0), size 20, color #ffffff, fillColor #ffffff) for 0
            at 0 key(valid space) for 0
    error:
        correct:
    
Trial 4:6
| trial_no | image         |
|----------+---------------|
| 6        | houses/6.png  |

  Variables:
    image_types = [houses, faces]
    trial_no = 6
    image = houses/6.png
    image_type = houses
    order = 1
    repeat_index = 2
    practice = False

  Phases:
    fix:
                at 0 cross(position (0, 0), size 20, color #ffffff, fillColor #ffffff) for 800
    exec:
                at 0 image(file houses/6.png, ori 0, position (0, 0), size 20, color #ffffff, fillColor #ffffff) for 0
            at 0 key(valid space) for 0
    error:
        correct:
    
Trial 4:7
| trial_no | image         |
|----------+---------------|
| 7        | houses/7.png  |

  Variables:
    image_types = [houses, faces]
    trial_no = 7
    image = houses/7.png
    image_type = houses
    order = 1
    repeat_index = 2
    practice = False

  Phases:
    fix:
                at 0 cross(position (0, 0), size 20, color #ffffff, fillColor #ffffff) for 480
    exec:
                at 0 image(file houses/7.png, ori 0, position (0, 0), size 20, color #ffffff, fillColor #ffffff) for 0
            at 0 key(valid space) for 0
    error:
        correct:
    
Trial 4:8
| trial_no | image         |
|----------+---------------|
| 8        | houses/8.png  |

  Variables:
    image_types = [houses, faces]
    trial_no = 8
    image = houses/8.png
    image_type = houses
    order = 1
    repeat_index = 2
    practice = False

  Phases:
    fix:
                at 0 cross(position (0, 0), size 20, color #ffffff, fillColor #ffffff) for 863
    exec:
                at 0 image(file houses/8.png, ori 0, position (0, 0), size 20, color #ffffff, fillColor #ffffff) for 0
            at 0 key(valid space) for 0
    error:
        correct:
    
Trial 4:9
| trial_no | image         |
|----------+---------------|
| 9        | houses/9.png  |

  Variables:
    image_types = [houses, faces]
    trial_no = 9
    image = houses/9.png
    image_type = houses
    order = 1
    repeat_index = 2
    practice = False

  Phases:
    fix:
                at 0 cross(position (0, 0), size 20, color #ffffff, fillColor #ffffff) for 851
    exec:
                at 0 image(file houses/9.png, ori 0, position (0, 0), size 20, color #ffffff, fillColor #ffffff) for 0
            at 0 key(valid space) for 0
    error:
        correct:
    
Trial 4:10
| trial_no | image         |
|----------+---------------|
| 10       | houses/10.png |

  Variables:
    image_types = [houses, faces]
    trial_no = 10
    image = houses/10.png
    image_type = houses
    order = 1
    repeat_index = 2
    practice = False

  Phases:
    fix:
                at 0 cross(position (0, 0), size 20, color #ffffff, fillColor #ffffff) for 418
    exec:
                at 0 image(file houses/10.png, ori 0, position (0, 0), size 20, color #ffffff, fillColor #ffffff) for 0
            at 0 key(valid space) for 0
    error:
        correct:
    
 
5. SCREEN  break
----------------------------------------------------------------------------
Block 2 finished.
    Take a short break.

 
6. TEST showImages
----------------------------------------------------------------------------
Trial 6:1
| trial_no | image         |
|----------+---------------|
| 1        | houses/1.png  |

  Variables:
    image_types = [houses, faces]
    trial_no = 1
    image = houses/1.png
    image_type = houses
    order = 1
    repeat_index = 3
    practice = False

  Phases:
    fix:
                at 0 cross(position (0, 0), size 20, color #ffffff, fillColor #ffffff) for 524
    exec:
                at 0 image(file houses/1.png, ori 0, position (0, 0), size 20, color #ffffff, fillColor #ffffff) for 0
            at 0 key(valid space) for 0
    error:
        correct:
    
Trial 6:2
| trial_no | image         |
|----------+---------------|
| 2        | houses/2.png  |

  Variables:
    image_types = [houses, faces]
    trial_no = 2
    image = houses/2.png
    image_type = houses
    order = 1
    repeat_index = 3
    practice = False

  Phases:
    fix:
                at 0 cross(position (0, 0), size 20, color #ffffff, fillColor #ffffff) for 750
    exec:
                at 0 image(file houses/2.png, ori 0, position (0, 0), size 20, color #ffffff, fillColor #ffffff) for 0
            at 0 key(valid space) for 0
    error:
        correct:
    
Trial 6:3
| trial_no | image         |
|----------+---------------|
| 3        | houses/3.png  |

  Variables:
    image_types = [houses, faces]
    trial_no = 3
    image = houses/3.png
    image_type = houses
    order = 1
    repeat_index = 3
    practice = False

  Phases:
    fix:
                at 0 cross(position (0, 0), size 20, color #ffffff, fillColor #ffffff) for 580
    exec:
                at 0 image(file houses/3.png, ori 0, position (0, 0), size 20, color #ffffff, fillColor #ffffff) for 0
            at 0 key(valid space) for 0
    error:
        correct:
    
Trial 6:4
| trial_no | image         |
|----------+---------------|
| 4        | houses/4.png  |

  Variables:
    image_types = [houses, faces]
    trial_no = 4
    image = houses/4.png
    image_type = houses
    order = 1
    repeat_index = 3
    practice = False

  Phases:
    fix:
                at 0 cross(position (0, 0), size 20, color #ffffff, fillColor #ffffff) for 487
    exec:
                at 0 image(file houses/4.png, ori 0, position (0, 0), size 20, color #ffffff, fillColor #ffffff) for 0
            at 0 key(valid space) for 0
    error:
        correct:
    
Trial 6:5
| trial_no | image         |
|----------+---------------|
| 5        | houses/5.png  |

  Variables:
    image_types = [houses, faces]
    trial_no = 5
    image = houses/5.png
    image_type = houses
    order = 1
    repeat_index = 3
    practice = False

  Phases:
    fix:
                at 0 cross(position (0, 0), size 20, color #ffffff, fillColor #ffffff) for 760
    exec:
                at 0 image(file houses/5.png, ori 0, position (0, 0), size 20, color #ffffff, fillColor #ffffff) for 0
            at 0 key(valid space) for 0
    error:
        correct:
    
Trial 6:6
| trial_no | image         |
|----------+---------------|
| 6        | houses/6.png  |

  Variables:
    image_types = [houses, faces]
    trial_no = 6
    image = houses/6.png
    image_type = houses
    order = 1
    repeat_index = 3
    practice = False

  Phases:
    fix:
                at 0 cross(position (0, 0), size 20, color #ffffff, fillColor #ffffff) for 995
    exec:
                at 0 image(file houses/6.png, ori 0, position (0, 0), size 20, color #ffffff, fillColor #ffffff) for 0
            at 0 key(valid space) for 0
    error:
        correct:
    
Trial 6:7
| trial_no | image         |
|----------+---------------|
| 7        | houses/7.png  |

  Variables:
    image_types = [houses, faces]
    trial_no = 7
    image = houses/7.png
    image_type = houses
    order = 1
    repeat_index = 3
    practice = False

  Phases:
    fix:
                at 0 cross(position (0, 0), size 20, color #ffffff, fillColor #ffffff) for 645
    exec:
                at 0 image(file houses/7.png, ori 0, position (0, 0), size 20, color #ffffff, fillColor #ffffff) for 0
            at 0 key(valid space) for 0
    error:
        correct:
    
Trial 6:8
| trial_no | image         |
|----------+---------------|
| 8        | houses/8.png  |

  Variables:
    image_types = [houses, faces]
    trial_no = 8
    image = houses/8.png
    image_type = houses
    order = 1
    repeat_index = 3
    practice = False

  Phases:
    fix:
                at 0 cross(position (0, 0), size 20, color #ffffff, fillColor #ffffff) for 976
    exec:
                at 0 image(file houses/8.png, ori 0, position (0, 0), size 20, color #ffffff, fillColor #ffffff) for 0
            at 0 key(valid space) for 0
    error:
        correct:
    
Trial 6:9
| trial_no | image         |
|----------+---------------|
| 9        | houses/9.png  |

  Variables:
    image_types = [houses, faces]
    trial_no = 9
    image = houses/9.png
    image_type = houses
    order = 1
    repeat_index = 3
    practice = False

  Phases:
    fix:
                at 0 cross(position (0, 0), size 20, color #ffffff, fillColor #ffffff) for 568
    exec:
                at 0 image(file houses/9.png, ori 0, position (0, 0), size 20, color #ffffff, fillColor #ffffff) for 0
            at 0 key(valid space) for 0
    error:
        correct:
    
Trial 6:10
| trial_no | image         |
|----------+---------------|
| 10       | houses/10.png |

  Variables:
    image_types = [houses, faces]
    trial_no = 10
    image = houses/10.png
    image_type = houses
    order = 1
    repeat_index = 3
    practice = False

  Phases:
    fix:
                at 0 cross(position (0, 0), size 20, color #ffffff, fillColor #ffffff) for 840
    exec:
                at 0 image(file houses/10.png, ori 0, position (0, 0), size 20, color #ffffff, fillColor #ffffff) for 0
            at 0 key(valid space) for 0
    error:
        correct:
    
 
7. SCREEN  break
----------------------------------------------------------------------------
Block 3 finished.
    Take a short break.

 
8. SCREEN  instruction
----------------------------------------------------------------------------
Block set 2
    You will be presented with images of faces

 
9. TEST showImages
----------------------------------------------------------------------------
Trial 9:1
| trial_no | image        |
|----------+--------------|
| 1        | faces/1.png  |

  Variables:
    image_types = [houses, faces]
    trial_no = 1
    image = faces/1.png
    image_type = faces
    order = 2
    repeat_index = 1
    practice = False

  Phases:
    fix:
                at 0 cross(position (0, 0), size 20, color #ffffff, fillColor #ffffff) for 897
    exec:
                at 0 image(file faces/1.png, ori 0, position (0, 0), size 20, color #ffffff, fillColor #ffffff) for 0
            at 0 key(valid space) for 0
    error:
        correct:
    
Trial 9:2
| trial_no | image        |
|----------+--------------|
| 2        | faces/2.png  |

  Variables:
    image_types = [houses, faces]
    trial_no = 2
    image = faces/2.png
    image_type = faces
    order = 2
    repeat_index = 1
    practice = False

  Phases:
    fix:
                at 0 cross(position (0, 0), size 20, color #ffffff, fillColor #ffffff) for 494
    exec:
                at 0 image(file faces/2.png, ori 0, position (0, 0), size 20, color #ffffff, fillColor #ffffff) for 0
            at 0 key(valid space) for 0
    error:
        correct:
    
Trial 9:3
| trial_no | image        |
|----------+--------------|
| 3        | faces/3.png  |

  Variables:
    image_types = [houses, faces]
    trial_no = 3
    image = faces/3.png
    image_type = faces
    order = 2
    repeat_index = 1
    practice = False

  Phases:
    fix:
                at 0 cross(position (0, 0), size 20, color #ffffff, fillColor #ffffff) for 447
    exec:
                at 0 image(file faces/3.png, ori 0, position (0, 0), size 20, color #ffffff, fillColor #ffffff) for 0
            at 0 key(valid space) for 0
    error:
        correct:
    
Trial 9:4
| trial_no | image        |
|----------+--------------|
| 4        | faces/4.png  |

  Variables:
    image_types = [houses, faces]
    trial_no = 4
    image = faces/4.png
    image_type = faces
    order = 2
    repeat_index = 1
    practice = False

  Phases:
    fix:
                at 0 cross(position (0, 0), size 20, color #ffffff, fillColor #ffffff) for 457
    exec:
                at 0 image(file faces/4.png, ori 0, position (0, 0), size 20, color #ffffff, fillColor #ffffff) for 0
            at 0 key(valid space) for 0
    error:
        correct:
    
Trial 9:5
| trial_no | image        |
|----------+--------------|
| 5        | faces/5.png  |

  Variables:
    image_types = [houses, faces]
    trial_no = 5
    image = faces/5.png
    image_type = faces
    order = 2
    repeat_index = 1
    practice = False

  Phases:
    fix:
                at 0 cross(position (0, 0), size 20, color #ffffff, fillColor #ffffff) for 943
    exec:
                at 0 image(file faces/5.png, ori 0, position (0, 0), size 20, color #ffffff, fillColor #ffffff) for 0
            at 0 key(valid space) for 0
    error:
        correct:
    
Trial 9:6
| trial_no | image        |
|----------+--------------|
| 6        | faces/6.png  |

  Variables:
    image_types = [houses, faces]
    trial_no = 6
    image = faces/6.png
    image_type = faces
    order = 2
    repeat_index = 1
    practice = False

  Phases:
    fix:
                at 0 cross(position (0, 0), size 20, color #ffffff, fillColor #ffffff) for 698
    exec:
                at 0 image(file faces/6.png, ori 0, position (0, 0), size 20, color #ffffff, fillColor #ffffff) for 0
            at 0 key(valid space) for 0
    error:
        correct:
    
Trial 9:7
| trial_no | image        |
|----------+--------------|
| 7        | faces/7.png  |

  Variables:
    image_types = [houses, faces]
    trial_no = 7
    image = faces/7.png
    image_type = faces
    order = 2
    repeat_index = 1
    practice = False

  Phases:
    fix:
                at 0 cross(position (0, 0), size 20, color #ffffff, fillColor #ffffff) for 976
    exec:
                at 0 image(file faces/7.png, ori 0, position (0, 0), size 20, color #ffffff, fillColor #ffffff) for 0
            at 0 key(valid space) for 0
    error:
        correct:
    
Trial 9:8
| trial_no | image        |
|----------+--------------|
| 8        | faces/8.png  |

  Variables:
    image_types = [houses, faces]
    trial_no = 8
    image = faces/8.png
    image_type = faces
    order = 2
    repeat_index = 1
    practice = False

  Phases:
    fix:
                at 0 cross(position (0, 0), size 20, color #ffffff, fillColor #ffffff) for 470
    exec:
                at 0 image(file faces/8.png, ori 0, position (0, 0), size 20, color #ffffff, fillColor #ffffff) for 0
            at 0 key(valid space) for 0
    error:
        correct:
    
Trial 9:9
| trial_no | image        |
|----------+--------------|
| 9        | faces/9.png  |

  Variables:
    image_types = [houses, faces]
    trial_no = 9
    image = faces/9.png
    image_type = faces
    order = 2
    repeat_index = 1
    practice = False

  Phases:
    fix:
                at 0 cross(position (0, 0), size 20, color #ffffff, fillColor #ffffff) for 990
    exec:
                at 0 image(file faces/9.png, ori 0, position (0, 0), size 20, color #ffffff, fillColor #ffffff) for 0
            at 0 key(valid space) for 0
    error:
        correct:
    
Trial 9:10
| trial_no | image        |
|----------+--------------|
| 10       | faces/10.png |

  Variables:
    image_types = [houses, faces]
    trial_no = 10
    image = faces/10.png
    image_type = faces
    order = 2
    repeat_index = 1
    practice = False

  Phases:
    fix:
                at 0 cross(position (0, 0), size 20, color #ffffff, fillColor #ffffff) for 562
    exec:
                at 0 image(file faces/10.png, ori 0, position (0, 0), size 20, color #ffffff, fillColor #ffffff) for 0
            at 0 key(valid space) for 0
    error:
        correct:
    
 
10. SCREEN  break
----------------------------------------------------------------------------
Block 1 finished.
    Take a short break.

 
11. TEST showImages
----------------------------------------------------------------------------
Trial 11:1
| trial_no | image        |
|----------+--------------|
| 1        | faces/1.png  |

  Variables:
    image_types = [houses, faces]
    trial_no = 1
    image = faces/1.png
    image_type = faces
    order = 2
    repeat_index = 2
    practice = False

  Phases:
    fix:
                at 0 cross(position (0, 0), size 20, color #ffffff, fillColor #ffffff) for 408
    exec:
                at 0 image(file faces/1.png, ori 0, position (0, 0), size 20, color #ffffff, fillColor #ffffff) for 0
            at 0 key(valid space) for 0
    error:
        correct:
    
Trial 11:2
| trial_no | image        |
|----------+--------------|
| 2        | faces/2.png  |

  Variables:
    image_types = [houses, faces]
    trial_no = 2
    image = faces/2.png
    image_type = faces
    order = 2
    repeat_index = 2
    practice = False

  Phases:
    fix:
                at 0 cross(position (0, 0), size 20, color #ffffff, fillColor #ffffff) for 655
    exec:
                at 0 image(file faces/2.png, ori 0, position (0, 0), size 20, color #ffffff, fillColor #ffffff) for 0
            at 0 key(valid space) for 0
    error:
        correct:
    
Trial 11:3
| trial_no | image        |
|----------+--------------|
| 3        | faces/3.png  |

  Variables:
    image_types = [houses, faces]
    trial_no = 3
    image = faces/3.png
    image_type = faces
    order = 2
    repeat_index = 2
    practice = False

  Phases:
    fix:
                at 0 cross(position (0, 0), size 20, color #ffffff, fillColor #ffffff) for 490
    exec:
                at 0 image(file faces/3.png, ori 0, position (0, 0), size 20, color #ffffff, fillColor #ffffff) for 0
            at 0 key(valid space) for 0
    error:
        correct:
    
Trial 11:4
| trial_no | image        |
|----------+--------------|
| 4        | faces/4.png  |

  Variables:
    image_types = [houses, faces]
    trial_no = 4
    image = faces/4.png
    image_type = faces
    order = 2
    repeat_index = 2
    practice = False

  Phases:
    fix:
                at 0 cross(position (0, 0), size 20, color #ffffff, fillColor #ffffff) for 608
    exec:
                at 0 image(file faces/4.png, ori 0, position (0, 0), size 20, color #ffffff, fillColor #ffffff) for 0
            at 0 key(valid space) for 0
    error:
        correct:
    
Trial 11:5
| trial_no | image        |
|----------+--------------|
| 5        | faces/5.png  |

  Variables:
    image_types = [houses, faces]
    trial_no = 5
    image = faces/5.png
    image_type = faces
    order = 2
    repeat_index = 2
    practice = False

  Phases:
    fix:
                at 0 cross(position (0, 0), size 20, color #ffffff, fillColor #ffffff) for 844
    exec:
                at 0 image(file faces/5.png, ori 0, position (0, 0), size 20, color #ffffff, fillColor #ffffff) for 0
            at 0 key(valid space) for 0
    error:
        correct:
    
Trial 11:6
| trial_no | image        |
|----------+--------------|
| 6        | faces/6.png  |

  Variables:
    image_types = [houses, faces]
    trial_no = 6
    image = faces/6.png
    image_type = faces
    order = 2
    repeat_index = 2
    practice = False

  Phases:
    fix:
                at 0 cross(position (0, 0), size 20, color #ffffff, fillColor #ffffff) for 628
    exec:
                at 0 image(file faces/6.png, ori 0, position (0, 0), size 20, color #ffffff, fillColor #ffffff) for 0
            at 0 key(valid space) for 0
    error:
        correct:
    
Trial 11:7
| trial_no | image        |
|----------+--------------|
| 7        | faces/7.png  |

  Variables:
    image_types = [houses, faces]
    trial_no = 7
    image = faces/7.png
    image_type = faces
    order = 2
    repeat_index = 2
    practice = False

  Phases:
    fix:
                at 0 cross(position (0, 0), size 20, color #ffffff, fillColor #ffffff) for 403
    exec:
                at 0 image(file faces/7.png, ori 0, position (0, 0), size 20, color #ffffff, fillColor #ffffff) for 0
            at 0 key(valid space) for 0
    error:
        correct:
    
Trial 11:8
| trial_no | image        |
|----------+--------------|
| 8        | faces/8.png  |

  Variables:
    image_types = [houses, faces]
    trial_no = 8
    image = faces/8.png
    image_type = faces
    order = 2
    repeat_index = 2
    practice = False

  Phases:
    fix:
                at 0 cross(position (0, 0), size 20, color #ffffff, fillColor #ffffff) for 772
    exec:
                at 0 image(file faces/8.png, ori 0, position (0, 0), size 20, color #ffffff, fillColor #ffffff) for 0
            at 0 key(valid space) for 0
    error:
        correct:
    
Trial 11:9
| trial_no | image        |
|----------+--------------|
| 9        | faces/9.png  |

  Variables:
    image_types = [houses, faces]
    trial_no = 9
    image = faces/9.png
    image_type = faces
    order = 2
    repeat_index = 2
    practice = False

  Phases:
    fix:
                at 0 cross(position (0, 0), size 20, color #ffffff, fillColor #ffffff) for 690
    exec:
                at 0 image(file faces/9.png, ori 0, position (0, 0), size 20, color #ffffff, fillColor #ffffff) for 0
            at 0 key(valid space) for 0
    error:
        correct:
    
Trial 11:10
| trial_no | image        |
|----------+--------------|
| 10       | faces/10.png |

  Variables:
    image_types = [houses, faces]
    trial_no = 10
    image = faces/10.png
    image_type = faces
    order = 2
    repeat_index = 2
    practice = False

  Phases:
    fix:
                at 0 cross(position (0, 0), size 20, color #ffffff, fillColor #ffffff) for 778
    exec:
                at 0 image(file faces/10.png, ori 0, position (0, 0), size 20, color #ffffff, fillColor #ffffff) for 0
            at 0 key(valid space) for 0
    error:
        correct:
    
 
12. SCREEN  break
----------------------------------------------------------------------------
Block 2 finished.
    Take a short break.

 
13. TEST showImages
----------------------------------------------------------------------------
Trial 13:1
| trial_no | image        |
|----------+--------------|
| 1        | faces/1.png  |

  Variables:
    image_types = [houses, faces]
    trial_no = 1
    image = faces/1.png
    image_type = faces
    order = 2
    repeat_index = 3
    practice = False

  Phases:
    fix:
                at 0 cross(position (0, 0), size 20, color #ffffff, fillColor #ffffff) for 440
    exec:
                at 0 image(file faces/1.png, ori 0, position (0, 0), size 20, color #ffffff, fillColor #ffffff) for 0
            at 0 key(valid space) for 0
    error:
        correct:
    
Trial 13:2
| trial_no | image        |
|----------+--------------|
| 2        | faces/2.png  |

  Variables:
    image_types = [houses, faces]
    trial_no = 2
    image = faces/2.png
    image_type = faces
    order = 2
    repeat_index = 3
    practice = False

  Phases:
    fix:
                at 0 cross(position (0, 0), size 20, color #ffffff, fillColor #ffffff) for 624
    exec:
                at 0 image(file faces/2.png, ori 0, position (0, 0), size 20, color #ffffff, fillColor #ffffff) for 0
            at 0 key(valid space) for 0
    error:
        correct:
    
Trial 13:3
| trial_no | image        |
|----------+--------------|
| 3        | faces/3.png  |

  Variables:
    image_types = [houses, faces]
    trial_no = 3
    image = faces/3.png
    image_type = faces
    order = 2
    repeat_index = 3
    practice = False

  Phases:
    fix:
                at 0 cross(position (0, 0), size 20, color #ffffff, fillColor #ffffff) for 493
    exec:
                at 0 image(file faces/3.png, ori 0, position (0, 0), size 20, color #ffffff, fillColor #ffffff) for 0
            at 0 key(valid space) for 0
    error:
        correct:
    
Trial 13:4
| trial_no | image        |
|----------+--------------|
| 4        | faces/4.png  |

  Variables:
    image_types = [houses, faces]
    trial_no = 4
    image = faces/4.png
    image_type = faces
    order = 2
    repeat_index = 3
    practice = False

  Phases:
    fix:
                at 0 cross(position (0, 0), size 20, color #ffffff, fillColor #ffffff) for 612
    exec:
                at 0 image(file faces/4.png, ori 0, position (0, 0), size 20, color #ffffff, fillColor #ffffff) for 0
            at 0 key(valid space) for 0
    error:
        correct:
    
Trial 13:5
| trial_no | image        |
|----------+--------------|
| 5        | faces/5.png  |

  Variables:
    image_types = [houses, faces]
    trial_no = 5
    image = faces/5.png
    image_type = faces
    order = 2
    repeat_index = 3
    practice = False

  Phases:
    fix:
                at 0 cross(position (0, 0), size 20, color #ffffff, fillColor #ffffff) for 479
    exec:
                at 0 image(file faces/5.png, ori 0, position (0, 0), size 20, color #ffffff, fillColor #ffffff) for 0
            at 0 key(valid space) for 0
    error:
        correct:
    
Trial 13:6
| trial_no | image        |
|----------+--------------|
| 6        | faces/6.png  |

  Variables:
    image_types = [houses, faces]
    trial_no = 6
    image = faces/6.png
    image_type = faces
    order = 2
    repeat_index = 3
    practice = False

  Phases:
    fix:
                at 0 cross(position (0, 0), size 20, color #ffffff, fillColor #ffffff) for 437
    exec:
                at 0 image(file faces/6.png, ori 0, position (0, 0), size 20, color #ffffff, fillColor #ffffff) for 0
            at 0 key(valid space) for 0
    error:
        correct:
    
Trial 13:7
| trial_no | image        |
|----------+--------------|
| 7        | faces/7.png  |

  Variables:
    image_types = [houses, faces]
    trial_no = 7
    image = faces/7.png
    image_type = faces
    order = 2
    repeat_index = 3
    practice = False

  Phases:
    fix:
                at 0 cross(position (0, 0), size 20, color #ffffff, fillColor #ffffff) for 424
    exec:
                at 0 image(file faces/7.png, ori 0, position (0, 0), size 20, color #ffffff, fillColor #ffffff) for 0
            at 0 key(valid space) for 0
    error:
        correct:
    
Trial 13:8
| trial_no | image        |
|----------+--------------|
| 8        | faces/8.png  |

  Variables:
    image_types = [houses, faces]
    trial_no = 8
    image = faces/8.png
    image_type = faces
    order = 2
    repeat_index = 3
    practice = False

  Phases:
    fix:
                at 0 cross(position (0, 0), size 20, color #ffffff, fillColor #ffffff) for 724
    exec:
                at 0 image(file faces/8.png, ori 0, position (0, 0), size 20, color #ffffff, fillColor #ffffff) for 0
            at 0 key(valid space) for 0
    error:
        correct:
    
Trial 13:9
| trial_no | image        |
|----------+--------------|
| 9        | faces/9.png  |

  Variables:
    image_types = [houses, faces]
    trial_no = 9
    image = faces/9.png
    image_type = faces
    order = 2
    repeat_index = 3
    practice = False

  Phases:
    fix:
                at 0 cross(position (0, 0), size 20, color #ffffff, fillColor #ffffff) for 878
    exec:
                at 0 image(file faces/9.png, ori 0, position (0, 0), size 20, color #ffffff, fillColor #ffffff) for 0
            at 0 key(valid space) for 0
    error:
        correct:
    
Trial 13:10
| trial_no | image        |
|----------+--------------|
| 10       | faces/10.png |

  Variables:
    image_types = [houses, faces]
    trial_no = 10
    image = faces/10.png
    image_type = faces
    order = 2
    repeat_index = 3
    practice = False

  Phases:
    fix:
                at 0 cross(position (0, 0), size 20, color #ffffff, fillColor #ffffff) for 478
    exec:
                at 0 image(file faces/10.png, ori 0, position (0, 0), size 20, color #ffffff, fillColor #ffffff) for 0
            at 0 key(valid space) for 0
    error:
        correct:
    
 
14. SCREEN  break
----------------------------------------------------------------------------
Block 3 finished.
    Take a short break.

